[debug] [2020-09-19T03:34:22.679Z] ----------------------------------------------------------------------
[debug] [2020-09-19T03:34:22.686Z] Command:       C:\Program Files\nodejs\node.exe C:\Users\User\AppData\Roaming\npm\node_modules\firebase-tools\lib\bin\firebase.js login
[debug] [2020-09-19T03:34:22.687Z] CLI Version:   8.10.0
[debug] [2020-09-19T03:34:22.687Z] Platform:      win32
[debug] [2020-09-19T03:34:22.687Z] Node Version:  v12.18.3
[debug] [2020-09-19T03:34:22.690Z] Time:          Sat Sep 19 2020 10:34:22 GMT+0700 (Indochina Time)
[debug] [2020-09-19T03:34:22.691Z] ----------------------------------------------------------------------
[debug] [2020-09-19T03:34:22.691Z] 
[info] i  Firebase optionally collects CLI usage and error reporting information to help improve our products. Data is collected in accordance with Google's privacy policy (https://policies.google.com/privacy) and is not used to identify you.
 
[info] i  To change your data collection preference at any time, run `firebase logout` and log in again. 
[info] 
[info] Visit this URL on this device to log in:
[info] https://accounts.google.com/o/oauth2/auth?client_id=563584335869-fgrhgmd47bqnekij5i8b5pr03ho849e6.apps.googleusercontent.com&scope=email%20openid%20https%3A%2F%2Fwww.googleapis.com%2Fauth%2Fcloudplatformprojects.readonly%20https%3A%2F%2Fwww.googleapis.com%2Fauth%2Ffirebase%20https%3A%2F%2Fwww.googleapis.com%2Fauth%2Fcloud-platform&response_type=code&state=10361110&redirect_uri=http%3A%2F%2Flocalhost%3A9005
[info] 
[info] Waiting for authentication...
[debug] [2020-09-19T03:34:26.238Z] Error: spawn cmd ENOENT
    at Process.ChildProcess._handle.onexit (internal/child_process.js:267:19)
    at onErrorNT (internal/child_process.js:469:16)
    at processTicksAndRejections (internal/process/task_queues.js:84:21)
[error] 
[error] Error: An unexpected error has occurred.
